<?xml version="1.0" encoding="utf-8"?><testsuites name="pytest tests"><testsuite name="pytest" errors="0" failures="0" skipped="0" tests="39" time="9.717" timestamp="2026-07-26T09:26:53.242491+00:00" hostname="agent-env-47f35b45-3131-412d-bd30-443b9671c2b9"><testcase classname="tests.backend_test.TestAuth" name="test_login_customer" time="0.346" /><testcase classname="tests.backend_test.TestProducts" name="test_list_products" time="0.349" /><testcase classname="tests.backend_test.TestAuth" name="test_login_admin" time="0.304" /><testcase classname="tests.backend_test.TestProducts" name="test_filter_by_category" time="0.265" /><testcase classname="tests.backend_test.TestProducts" name="test_filter_featured" time="0.045" /><testcase classname="tests.backend_test.TestAuth" name="test_login_invalid" time="0.082" /><testcase classname="tests.backend_test.TestProducts" name="test_search" time="0.046" /><testcase classname="tests.backend_test.TestProducts" name="test_sort_price_asc" time="0.045" /><testcase classname="tests.backend_test.TestAuth" name="test_signup_and_me" time="0.346" /><testcase classname="tests.backend_test.TestProducts" name="test_filters_endpoint" time="0.250" /><testcase classname="tests.backend_test.TestProducts" name="test_product_detail" time="0.089" /><testcase classname="tests.backend_test.TestAuth" name="test_signup_duplicate" time="0.081" /><testcase classname="tests.backend_test.TestProducts" name="test_product_detail_404" time="0.042" /><testcase classname="tests.backend_test.TestAuth" name="test_me_no_token" time="0.238" /><testcase classname="tests.backend_test.TestAdmin" name="test_dashboard" time="0.312" /><testcase classname="tests.test_recommendations_and_emails.TestCartRecommendations" name="test_guest_empty_cart_returns_featured" time="0.315" /><testcase classname="tests.backend_test.TestAdmin" name="test_dashboard_forbidden_for_customer" time="0.351" /><testcase classname="tests.test_recommendations_and_emails.TestCartRecommendations" name="test_limit_param_respected" time="0.045" /><testcase classname="tests.backend_test.TestAdmin" name="test_admin_product_crud" time="0.452" /><testcase classname="tests.test_recommendations_and_emails.TestCartRecommendations" name="test_authenticated_empty_cart" time="0.382" /><testcase classname="tests.test_recommendations_and_emails.TestCartRecommendations" name="test_arduino_uno_in_cart_returns_compatible" time="0.315" /><testcase classname="tests.backend_test.TestAdmin" name="test_admin_orders_list" time="0.042" /><testcase classname="tests.backend_test.TestAdmin" name="test_admin_order_status_update" time="0.224" /><testcase classname="tests.test_recommendations_and_emails.TestCartRecommendations" name="test_guest_with_cart_id_returns_compatible" time="0.091" /><testcase classname="tests.backend_test.TestAdmin" name="test_admin_coupons" time="0.086" /><testcase classname="tests.backend_test.TestCoupons" name="test_welcome10" time="0.081" /><testcase classname="tests.backend_test.TestHealth" name="test_root" time="0.042" /><testcase classname="tests.backend_test.TestCoupons" name="test_maker100" time="0.080" /><testcase classname="tests.backend_test.TestHealth" name="test_categories" time="0.047" /><testcase classname="tests.backend_test.TestOrders" name="test_list_orders_authenticated" time="0.048" /><testcase classname="tests.backend_test.TestCoupons" name="test_invalid_coupon" time="0.081" /><testcase classname="tests.backend_test.TestOrders" name="test_orders_requires_auth" time="0.043" /><testcase classname="tests.backend_test.TestCoupons" name="test_min_order" time="0.042" /><testcase classname="tests.test_recommendations_and_emails.TestEmailFlow" name="test_shipped_email_console_log" time="3.688" /><testcase classname="tests.backend_test.TestCart" name="test_cart_add_get_update_remove" time="1.082" /><testcase classname="tests.backend_test.TestReviews" name="test_create_review" time="0.085" /><testcase classname="tests.backend_test.TestCheckout" name="test_create_session" time="1.060" /><testcase classname="tests.test_recommendations_and_emails.TestEmailFlow" name="test_delivered_email_console_log" time="2.731" /><testcase classname="tests.backend_test.TestWishlist" name="test_toggle" time="0.175" /></testsuite></testsuites>