<?xml version="1.0" encoding="utf-8"?><testsuites name="pytest tests"><testsuite name="pytest" errors="0" failures="1" skipped="0" tests="32" time="4.297" timestamp="2026-07-26T09:14:47.978447+00:00" hostname="agent-env-47f35b45-3131-412d-bd30-443b9671c2b9"><testcase classname="tests.backend_test.TestAuth" name="test_login_customer" time="0.410" /><testcase classname="tests.backend_test.TestProducts" name="test_list_products" time="0.410" /><testcase classname="tests.backend_test.TestProducts" name="test_filter_by_category" time="0.272" /><testcase classname="tests.backend_test.TestAuth" name="test_login_admin" time="0.271" /><testcase classname="tests.backend_test.TestProducts" name="test_filter_featured" time="0.051" /><testcase classname="tests.backend_test.TestAuth" name="test_login_invalid" time="0.046" /><testcase classname="tests.backend_test.TestAuth" name="test_signup_and_me" time="0.316"><failure message="AssertionError: assert 'test_signup_...c@example.com' == 'TEST_signup_...c@example.com'&#10;  &#10;  - TEST_signup_fa07f66c@example.com&#10;  ? ^^^^&#10;  + test_signup_fa07f66c@example.com&#10;  ? ^^^^">backend/tests/backend_test.py:145: in test_signup_and_me
    assert r2.json()["email"] == email
E   AssertionError: assert 'test_signup_...c@example.com' == 'TEST_signup_...c@example.com'
E     
E     - TEST_signup_fa07f66c@example.com
E     ? ^^^^
E     + test_signup_fa07f66c@example.com
E     ? ^^^^</failure></testcase><testcase classname="tests.backend_test.TestProducts" name="test_search" time="0.262" /><testcase classname="tests.backend_test.TestProducts" name="test_sort_price_asc" time="0.049" /><testcase classname="tests.backend_test.TestProducts" name="test_filters_endpoint" time="0.052" /><testcase classname="tests.backend_test.TestAuth" name="test_signup_duplicate" time="0.046" /><testcase classname="tests.backend_test.TestAuth" name="test_me_no_token" time="0.085" /><testcase classname="tests.backend_test.TestProducts" name="test_product_detail" time="0.097" /><testcase classname="tests.backend_test.TestProducts" name="test_product_detail_404" time="0.269" /><testcase classname="tests.backend_test.TestAdmin" name="test_dashboard" time="0.313" /><testcase classname="tests.backend_test.TestCoupons" name="test_welcome10" time="0.050" /><testcase classname="tests.backend_test.TestCoupons" name="test_maker100" time="0.264" /><testcase classname="tests.backend_test.TestCoupons" name="test_invalid_coupon" time="0.048" /><testcase classname="tests.backend_test.TestAdmin" name="test_dashboard_forbidden_for_customer" time="0.331" /><testcase classname="tests.backend_test.TestCoupons" name="test_min_order" time="0.050" /><testcase classname="tests.backend_test.TestAdmin" name="test_admin_product_crud" time="0.494" /><testcase classname="tests.backend_test.TestHealth" name="test_root" time="0.050" /><testcase classname="tests.backend_test.TestHealth" name="test_categories" time="0.049" /><testcase classname="tests.backend_test.TestOrders" name="test_list_orders_authenticated" time="0.359" /><testcase classname="tests.backend_test.TestOrders" name="test_orders_requires_auth" time="0.087" /><testcase classname="tests.backend_test.TestAdmin" name="test_admin_orders_list" time="0.044" /><testcase classname="tests.backend_test.TestAdmin" name="test_admin_order_status_update" time="0.137" /><testcase classname="tests.backend_test.TestCart" name="test_cart_add_get_update_remove" time="0.332" /><testcase classname="tests.backend_test.TestAdmin" name="test_admin_coupons" time="0.093" /><testcase classname="tests.backend_test.TestReviews" name="test_create_review" time="0.204" /><testcase classname="tests.backend_test.TestWishlist" name="test_toggle" time="0.196" /><testcase classname="tests.backend_test.TestCheckout" name="test_create_session" time="0.945" /></testsuite></testsuites>